<?xml version="1.0" encoding="UTF-8"?>
<!-- Generated by org.testng.reporters.JUnitXMLReporter -->
<testsuite ignored="0" hostname="MSI" failures="1" tests="6" name="Default test" time="36.085" errors="0" timestamp="2026-02-05T09:23:49 IST">
  <testcase classname="guru99.qa.functionaltests.HomePageTest" name="TC006_VerifyAllMenuItemsAreVisible" time="4.755"/>
  <testcase classname="guru99.qa.functionaltests.LoginTests" name="TC001_LoginWithValidCredentials" time="1.139"/>
  <testcase classname="guru99.qa.functionaltests.LoginTests" name="TC002_LoginWithValidUsernameAndInValidPwd" time="0.642"/>
  <testcase classname="guru99.qa.functionaltests.CustomerCreationTests" name="CreateNewCustomerAndVerify" time="3.357">
    <failure type="junit.framework.ComparisonFailure" message="expected:&amp;lt;...&amp;gt; but was:&amp;lt;...!!!&amp;gt;">
      <![CDATA[junit.framework.ComparisonFailure: expected:<...> but was:<...!!!>
at junit.framework.Assert.assertEquals(Assert.java:81)
at junit.framework.Assert.assertEquals(Assert.java:87)
at guru99.qa.pages.CustomerRegistrationPage.VerifyCustomerRegisteredSuccessfulAndGetCustomerID(CustomerRegistrationPage.java:36)
at guru99.qa.functionaltests.CustomerCreationTests.CreateNewCustomerAndVerify(CustomerCreationTests.java:34)
at java.base/jdk.internal.reflect.NativeMethodAccessorImpl.invoke0(Native Method)
at java.base/jdk.internal.reflect.NativeMethodAccessorImpl.invoke(NativeMethodAccessorImpl.java:62)
at java.base/jdk.internal.reflect.DelegatingMethodAccessorImpl.invoke(DelegatingMethodAccessorImpl.java:43)
at java.base/java.lang.reflect.Method.invoke(Method.java:566)
at org.testng.internal.invokers.MethodInvocationHelper.invokeMethod(MethodInvocationHelper.java:139)
at org.testng.internal.invokers.TestInvoker.invokeMethod(TestInvoker.java:677)
at org.testng.internal.invokers.TestInvoker.invokeTestMethod(TestInvoker.java:221)
at org.testng.internal.invokers.MethodRunner.runInSequence(MethodRunner.java:50)
at org.testng.internal.invokers.TestInvoker$MethodInvocationAgent.invoke(TestInvoker.java:969)
at org.testng.internal.invokers.TestInvoker.invokeTestMethods(TestInvoker.java:194)
at org.testng.internal.invokers.TestMethodWorker.invokeTestMethods(TestMethodWorker.java:148)
at org.testng.internal.invokers.TestMethodWorker.run(TestMethodWorker.java:128)
at java.base/java.util.ArrayList.forEach(ArrayList.java:1541)
at org.testng.TestRunner.privateRun(TestRunner.java:829)
at org.testng.TestRunner.run(TestRunner.java:602)
at org.testng.SuiteRunner.runTest(SuiteRunner.java:437)
at org.testng.SuiteRunner.runSequentially(SuiteRunner.java:431)
at org.testng.SuiteRunner.privateRun(SuiteRunner.java:391)
at org.testng.SuiteRunner.run(SuiteRunner.java:330)
at org.testng.SuiteRunnerWorker.runSuite(SuiteRunnerWorker.java:52)
at org.testng.SuiteRunnerWorker.run(SuiteRunnerWorker.java:95)
at org.testng.TestNG.runSuitesSequentially(TestNG.java:1256)
at org.testng.TestNG.runSuitesLocally(TestNG.java:1176)
at org.testng.TestNG.runSuites(TestNG.java:1099)
at org.testng.TestNG.run(TestNG.java:1067)
at org.testng.remote.AbstractRemoteTestNG.run(AbstractRemoteTestNG.java:115)
at org.testng.remote.RemoteTestNG.initAndRun(RemoteTestNG.java:251)
at org.testng.remote.RemoteTestNG.main(RemoteTestNG.java:77)
]]>
    </failure>
  </testcase> <!-- CreateNewCustomerAndVerify -->
  <testcase classname="guru99.qa.functionaltests.CustomerCreationTests" name="CreateNewCustomer_WithoutEmailField" time="2.439"/>
  <testcase classname="guru99.qa.functionaltests.CustomerCreationTests" name="CreateNewCustomer_VerifyCustomerNameWithNumbers" time="1.788"/>
</testsuite> <!-- Default test -->
