<?xml version="1.0" encoding="UTF-8"?>
<!-- Generated by org.testng.reporters.JUnitXMLReporter -->
<testsuite ignored="4" hostname="MSI" failures="1" tests="2" name="Test" time="15.769" errors="0" timestamp="2026-02-07T12:08:47 IST">
  <testcase classname="guru99.qa.functionaltests.LoginTests" name="TC001_LoginWithValidCredentials" time="1.92"/>
  <testcase classname="guru99.qa.functionaltests.CustomerCreationTests" name="CreateNewCustomerAndVerify" time="5.0">
    <failure type="junit.framework.ComparisonFailure" message="expected:&amp;lt;...&amp;gt; but was:&amp;lt;...!!!&amp;gt;">
      <![CDATA[junit.framework.ComparisonFailure: expected:<...> but was:<...!!!>
at junit.framework.Assert.assertEquals(Assert.java:81)
at junit.framework.Assert.assertEquals(Assert.java:87)
at guru99.qa.pages.CustomerRegistrationPage.VerifyCustomerRegisteredSuccessfulAndGetCustomerID(CustomerRegistrationPage.java:38)
at guru99.qa.functionaltests.CustomerCreationTests.CreateNewCustomerAndVerify(CustomerCreationTests.java:34)
at java.base/java.util.ArrayList.forEach(ArrayList.java:1541)
... Removed 31 stack frames]]>
    </failure>
  </testcase> <!-- CreateNewCustomerAndVerify -->
  <testcase classname="guru99.qa.functionaltests.CustomerCreationTests" name="CreateNewCustomer_WithoutEmailField" time="0.0">
    <ignored/>
  </testcase> <!-- CreateNewCustomer_WithoutEmailField -->
  <testcase classname="guru99.qa.functionaltests.LoginTests" name="TC002_LoginWithValidUsernameAndInValidPwd" time="0.0">
    <ignored/>
  </testcase> <!-- TC002_LoginWithValidUsernameAndInValidPwd -->
  <testcase classname="guru99.qa.functionaltests.HomePageTest" name="TC006_VerifyAllMenuItemsAreVisible" time="0.0">
    <ignored/>
  </testcase> <!-- TC006_VerifyAllMenuItemsAreVisible -->
  <testcase classname="guru99.qa.functionaltests.CustomerCreationTests" name="CreateNewCustomer_VerifyCustomerNameWithNumbers" time="0.0">
    <ignored/>
  </testcase> <!-- CreateNewCustomer_VerifyCustomerNameWithNumbers -->
</testsuite> <!-- Test -->
