<?xml version="1.0" encoding="UTF-8"?>
<testng-results ignored="4" total="6" passed="1" failed="1" skipped="0">
  <reporter-output>
  </reporter-output>
  <suite started-at="2026-02-07T12:08:31 IST" name="Suite" finished-at="2026-02-07T12:08:46 IST" duration-ms="15769">
    <groups>
      <group name="regression">
        <method signature="CustomerCreationTests.CreateNewCustomerAndVerify(java.lang.String,java.lang.String,java.lang.String,java.lang.String,java.lang.String,java.lang.String,java.lang.String,java.lang.String)[pri:1, instance:guru99.qa.functionaltests.CustomerCreationTests@13e344d]" name="CreateNewCustomerAndVerify" class="guru99.qa.functionaltests.CustomerCreationTests"/>
        <method signature="LoginTests.TC001_LoginWithValidCredentials()[pri:1, instance:guru99.qa.functionaltests.LoginTests@45099dd3]" name="TC001_LoginWithValidCredentials" class="guru99.qa.functionaltests.LoginTests"/>
      </group> <!-- regression -->
      <group name="smoke">
        <method signature="CustomerCreationTests.CreateNewCustomerAndVerify(java.lang.String,java.lang.String,java.lang.String,java.lang.String,java.lang.String,java.lang.String,java.lang.String,java.lang.String)[pri:1, instance:guru99.qa.functionaltests.CustomerCreationTests@13e344d]" name="CreateNewCustomerAndVerify" class="guru99.qa.functionaltests.CustomerCreationTests"/>
        <method signature="LoginTests.TC001_LoginWithValidCredentials()[pri:1, instance:guru99.qa.functionaltests.LoginTests@45099dd3]" name="TC001_LoginWithValidCredentials" class="guru99.qa.functionaltests.LoginTests"/>
      </group> <!-- smoke -->
      <group name="customerCreation">
        <method signature="CustomerCreationTests.CreateNewCustomerAndVerify(java.lang.String,java.lang.String,java.lang.String,java.lang.String,java.lang.String,java.lang.String,java.lang.String,java.lang.String)[pri:1, instance:guru99.qa.functionaltests.CustomerCreationTests@13e344d]" name="CreateNewCustomerAndVerify" class="guru99.qa.functionaltests.CustomerCreationTests"/>
      </group> <!-- customerCreation -->
      <group name="login">
        <method signature="LoginTests.TC001_LoginWithValidCredentials()[pri:1, instance:guru99.qa.functionaltests.LoginTests@45099dd3]" name="TC001_LoginWithValidCredentials" class="guru99.qa.functionaltests.LoginTests"/>
      </group> <!-- login -->
    </groups>
    <test started-at="2026-02-07T12:08:31 IST" name="Test" finished-at="2026-02-07T12:08:46 IST" duration-ms="15769">
      <class name="guru99.qa.functionaltests.LoginTests">
        <test-method is-config="true" signature="SetUp(org.testng.ITestContext)[pri:0, instance:guru99.qa.functionaltests.LoginTests@45099dd3]" started-at="2026-02-07T12:08:31 IST" name="SetUp" finished-at="2026-02-07T12:08:34 IST" duration-ms="3621" status="PASS">
          <params>
            <param index="0">
              <value>
                <![CDATA[org.testng.TestRunner@c02670f]]>
              </value>
            </param>
          </params>
          <reporter-output>
          </reporter-output>
        </test-method> <!-- SetUp -->
        <test-method signature="TC001_LoginWithValidCredentials()[pri:1, instance:guru99.qa.functionaltests.LoginTests@45099dd3]" started-at="2026-02-07T12:08:35 IST" name="TC001_LoginWithValidCredentials" finished-at="2026-02-07T12:08:36 IST" duration-ms="1920" status="PASS">
          <reporter-output>
          </reporter-output>
        </test-method> <!-- TC001_LoginWithValidCredentials -->
        <test-method is-config="true" signature="TearDown()[pri:0, instance:guru99.qa.functionaltests.LoginTests@45099dd3]" started-at="2026-02-07T12:08:36 IST" name="TearDown" finished-at="2026-02-07T12:08:37 IST" duration-ms="260" status="PASS">
          <reporter-output>
          </reporter-output>
        </test-method> <!-- TearDown -->
      </class> <!-- guru99.qa.functionaltests.LoginTests -->
      <class name="guru99.qa.functionaltests.CustomerCreationTests">
        <test-method is-config="true" signature="SetUp(org.testng.ITestContext)[pri:0, instance:guru99.qa.functionaltests.CustomerCreationTests@13e344d]" started-at="2026-02-07T12:08:38 IST" name="SetUp" finished-at="2026-02-07T12:08:41 IST" duration-ms="3170" status="PASS">
          <params>
            <param index="0">
              <value>
                <![CDATA[org.testng.TestRunner@c02670f]]>
              </value>
            </param>
          </params>
          <reporter-output>
          </reporter-output>
        </test-method> <!-- SetUp -->
        <test-method signature="CreateNewCustomerAndVerify(java.lang.String,java.lang.String,java.lang.String,java.lang.String,java.lang.String,java.lang.String,java.lang.String,java.lang.String)[pri:1, instance:guru99.qa.functionaltests.CustomerCreationTests@13e344d]" started-at="2026-02-07T12:08:41 IST" name="CreateNewCustomerAndVerify" data-provider="GetNewCustomerTestData_TC001" finished-at="2026-02-07T12:08:46 IST" duration-ms="5000" status="FAIL">
          <params>
            <param index="0">
              <value>
                <![CDATA[John]]>
              </value>
            </param>
            <param index="1">
              <value>
                <![CDATA[23/11/1994]]>
              </value>
            </param>
            <param index="2">
              <value>
                <![CDATA[North Street]]>
              </value>
            </param>
            <param index="3">
              <value>
                <![CDATA[West City]]>
              </value>
            </param>
            <param index="4">
              <value>
                <![CDATA[NewYork]]>
              </value>
            </param>
            <param index="5">
              <value>
                <![CDATA[456789]]>
              </value>
            </param>
            <param index="6">
              <value>
                <![CDATA[2345879876]]>
              </value>
            </param>
            <param index="7">
              <value>
                <![CDATA[John@123]]>
              </value>
            </param>
          </params>
          <exception class="junit.framework.ComparisonFailure">
            <message>
              <![CDATA[expected:<...> but was:<...!!!>]]>
            </message>
            <full-stacktrace>
              <![CDATA[junit.framework.ComparisonFailure: expected:<...> but was:<...!!!>
at junit.framework.Assert.assertEquals(Assert.java:81)
at junit.framework.Assert.assertEquals(Assert.java:87)
at guru99.qa.pages.CustomerRegistrationPage.VerifyCustomerRegisteredSuccessfulAndGetCustomerID(CustomerRegistrationPage.java:38)
at guru99.qa.functionaltests.CustomerCreationTests.CreateNewCustomerAndVerify(CustomerCreationTests.java:34)
at java.base/jdk.internal.reflect.NativeMethodAccessorImpl.invoke0(Native Method)
at java.base/jdk.internal.reflect.NativeMethodAccessorImpl.invoke(NativeMethodAccessorImpl.java:62)
at java.base/jdk.internal.reflect.DelegatingMethodAccessorImpl.invoke(DelegatingMethodAccessorImpl.java:43)
at java.base/java.lang.reflect.Method.invoke(Method.java:566)
at org.testng.internal.invokers.MethodInvocationHelper.invokeMethod(MethodInvocationHelper.java:139)
at org.testng.internal.invokers.TestInvoker.invokeMethod(TestInvoker.java:677)
at org.testng.internal.invokers.TestInvoker.invokeTestMethod(TestInvoker.java:221)
at org.testng.internal.invokers.MethodRunner.runInSequence(MethodRunner.java:50)
at org.testng.internal.invokers.TestInvoker$MethodInvocationAgent.invoke(TestInvoker.java:969)
at org.testng.internal.invokers.TestInvoker.invokeTestMethods(TestInvoker.java:194)
at org.testng.internal.invokers.TestMethodWorker.invokeTestMethods(TestMethodWorker.java:148)
at org.testng.internal.invokers.TestMethodWorker.run(TestMethodWorker.java:128)
at java.base/java.util.ArrayList.forEach(ArrayList.java:1541)
at org.testng.TestRunner.privateRun(TestRunner.java:829)
at org.testng.TestRunner.run(TestRunner.java:602)
at org.testng.SuiteRunner.runTest(SuiteRunner.java:437)
at org.testng.SuiteRunner.runSequentially(SuiteRunner.java:431)
at org.testng.SuiteRunner.privateRun(SuiteRunner.java:391)
at org.testng.SuiteRunner.run(SuiteRunner.java:330)
at org.testng.SuiteRunnerWorker.runSuite(SuiteRunnerWorker.java:52)
at org.testng.SuiteRunnerWorker.run(SuiteRunnerWorker.java:95)
at org.testng.TestNG.runSuitesSequentially(TestNG.java:1256)
at org.testng.TestNG.runSuitesLocally(TestNG.java:1176)
at org.testng.TestNG.runSuites(TestNG.java:1099)
at org.testng.TestNG.run(TestNG.java:1067)
at org.apache.maven.surefire.testng.TestNGExecutor.run(TestNGExecutor.java:308)
at org.apache.maven.surefire.testng.TestNGXmlTestSuite.execute(TestNGXmlTestSuite.java:71)
at org.apache.maven.surefire.testng.TestNGProvider.invoke(TestNGProvider.java:113)
at org.apache.maven.surefire.booter.ForkedBooter.runSuitesInProcess(ForkedBooter.java:385)
at org.apache.maven.surefire.booter.ForkedBooter.execute(ForkedBooter.java:162)
at org.apache.maven.surefire.booter.ForkedBooter.run(ForkedBooter.java:507)
at org.apache.maven.surefire.booter.ForkedBooter.main(ForkedBooter.java:495)
]]>
            </full-stacktrace>
          </exception> <!-- junit.framework.ComparisonFailure -->
          <reporter-output>
          </reporter-output>
        </test-method> <!-- CreateNewCustomerAndVerify -->
        <test-method is-config="true" signature="TearDown()[pri:0, instance:guru99.qa.functionaltests.CustomerCreationTests@13e344d]" started-at="2026-02-07T12:08:46 IST" name="TearDown" finished-at="2026-02-07T12:08:46 IST" duration-ms="263" status="PASS">
          <reporter-output>
          </reporter-output>
        </test-method> <!-- TearDown -->
      </class> <!-- guru99.qa.functionaltests.CustomerCreationTests -->
    </test> <!-- Test -->
  </suite> <!-- Suite -->
</testng-results>
