<?xml version="1.0" encoding="UTF-8"?>
<testng-results ignored="0" total="6" passed="5" failed="1" skipped="0">
  <reporter-output>
  </reporter-output>
  <suite started-at="2026-02-05T09:53:36 IST" name="Suite" finished-at="2026-02-05T09:54:44 IST" duration-ms="67697">
    <groups>
      <group name="regression">
        <method signature="HomePageTest.TC006_VerifyAllMenuItemsAreVisible()[pri:0, instance:guru99.qa.functionaltests.HomePageTest@795509d9]" name="TC006_VerifyAllMenuItemsAreVisible" class="guru99.qa.functionaltests.HomePageTest"/>
        <method signature="CustomerCreationTests.CreateNewCustomerAndVerify(java.lang.String,java.lang.String,java.lang.String,java.lang.String,java.lang.String,java.lang.String,java.lang.String,java.lang.String)[pri:1, instance:guru99.qa.functionaltests.CustomerCreationTests@4681c175]" name="CreateNewCustomerAndVerify" class="guru99.qa.functionaltests.CustomerCreationTests"/>
        <method signature="LoginTests.TC001_LoginWithValidCredentials()[pri:1, instance:guru99.qa.functionaltests.LoginTests@353352b6]" name="TC001_LoginWithValidCredentials" class="guru99.qa.functionaltests.LoginTests"/>
        <method signature="CustomerCreationTests.CreateNewCustomer_WithoutEmailField(java.lang.String,java.lang.String,java.lang.String,java.lang.String,java.lang.String,java.lang.String,java.lang.String,java.lang.String)[pri:2, instance:guru99.qa.functionaltests.CustomerCreationTests@4681c175]" name="CreateNewCustomer_WithoutEmailField" class="guru99.qa.functionaltests.CustomerCreationTests"/>
        <method signature="LoginTests.TC002_LoginWithValidUsernameAndInValidPwd()[pri:2, instance:guru99.qa.functionaltests.LoginTests@353352b6]" name="TC002_LoginWithValidUsernameAndInValidPwd" class="guru99.qa.functionaltests.LoginTests"/>
        <method signature="CustomerCreationTests.CreateNewCustomer_VerifyCustomerNameWithNumbers()[pri:3, instance:guru99.qa.functionaltests.CustomerCreationTests@4681c175]" name="CreateNewCustomer_VerifyCustomerNameWithNumbers" class="guru99.qa.functionaltests.CustomerCreationTests"/>
      </group> <!-- regression -->
      <group name="smoke">
        <method signature="CustomerCreationTests.CreateNewCustomerAndVerify(java.lang.String,java.lang.String,java.lang.String,java.lang.String,java.lang.String,java.lang.String,java.lang.String,java.lang.String)[pri:1, instance:guru99.qa.functionaltests.CustomerCreationTests@4681c175]" name="CreateNewCustomerAndVerify" class="guru99.qa.functionaltests.CustomerCreationTests"/>
        <method signature="LoginTests.TC001_LoginWithValidCredentials()[pri:1, instance:guru99.qa.functionaltests.LoginTests@353352b6]" name="TC001_LoginWithValidCredentials" class="guru99.qa.functionaltests.LoginTests"/>
      </group> <!-- smoke -->
      <group name="sanity">
        <method signature="HomePageTest.TC006_VerifyAllMenuItemsAreVisible()[pri:0, instance:guru99.qa.functionaltests.HomePageTest@795509d9]" name="TC006_VerifyAllMenuItemsAreVisible" class="guru99.qa.functionaltests.HomePageTest"/>
        <method signature="CustomerCreationTests.CreateNewCustomer_WithoutEmailField(java.lang.String,java.lang.String,java.lang.String,java.lang.String,java.lang.String,java.lang.String,java.lang.String,java.lang.String)[pri:2, instance:guru99.qa.functionaltests.CustomerCreationTests@4681c175]" name="CreateNewCustomer_WithoutEmailField" class="guru99.qa.functionaltests.CustomerCreationTests"/>
        <method signature="LoginTests.TC002_LoginWithValidUsernameAndInValidPwd()[pri:2, instance:guru99.qa.functionaltests.LoginTests@353352b6]" name="TC002_LoginWithValidUsernameAndInValidPwd" class="guru99.qa.functionaltests.LoginTests"/>
        <method signature="CustomerCreationTests.CreateNewCustomer_VerifyCustomerNameWithNumbers()[pri:3, instance:guru99.qa.functionaltests.CustomerCreationTests@4681c175]" name="CreateNewCustomer_VerifyCustomerNameWithNumbers" class="guru99.qa.functionaltests.CustomerCreationTests"/>
      </group> <!-- sanity -->
      <group name="customerCreation">
        <method signature="CustomerCreationTests.CreateNewCustomerAndVerify(java.lang.String,java.lang.String,java.lang.String,java.lang.String,java.lang.String,java.lang.String,java.lang.String,java.lang.String)[pri:1, instance:guru99.qa.functionaltests.CustomerCreationTests@4681c175]" name="CreateNewCustomerAndVerify" class="guru99.qa.functionaltests.CustomerCreationTests"/>
        <method signature="CustomerCreationTests.CreateNewCustomer_WithoutEmailField(java.lang.String,java.lang.String,java.lang.String,java.lang.String,java.lang.String,java.lang.String,java.lang.String,java.lang.String)[pri:2, instance:guru99.qa.functionaltests.CustomerCreationTests@4681c175]" name="CreateNewCustomer_WithoutEmailField" class="guru99.qa.functionaltests.CustomerCreationTests"/>
      </group> <!-- customerCreation -->
      <group name="login">
        <method signature="LoginTests.TC001_LoginWithValidCredentials()[pri:1, instance:guru99.qa.functionaltests.LoginTests@353352b6]" name="TC001_LoginWithValidCredentials" class="guru99.qa.functionaltests.LoginTests"/>
        <method signature="LoginTests.TC002_LoginWithValidUsernameAndInValidPwd()[pri:2, instance:guru99.qa.functionaltests.LoginTests@353352b6]" name="TC002_LoginWithValidUsernameAndInValidPwd" class="guru99.qa.functionaltests.LoginTests"/>
      </group> <!-- login -->
      <group name="home">
        <method signature="HomePageTest.TC006_VerifyAllMenuItemsAreVisible()[pri:0, instance:guru99.qa.functionaltests.HomePageTest@795509d9]" name="TC006_VerifyAllMenuItemsAreVisible" class="guru99.qa.functionaltests.HomePageTest"/>
      </group> <!-- home -->
    </groups>
    <test started-at="2026-02-05T09:53:36 IST" name="Test" finished-at="2026-02-05T09:54:44 IST" duration-ms="67697">
      <class name="guru99.qa.functionaltests.HomePageTest">
        <test-method is-config="true" signature="SetUp(org.testng.ITestContext)[pri:0, instance:guru99.qa.functionaltests.HomePageTest@795509d9]" started-at="2026-02-05T09:53:37 IST" name="SetUp" finished-at="2026-02-05T09:53:41 IST" duration-ms="4619" status="PASS">
          <params>
            <param index="0">
              <value>
                <![CDATA[org.testng.TestRunner@241b971f]]>
              </value>
            </param>
          </params>
          <reporter-output>
          </reporter-output>
        </test-method> <!-- SetUp -->
        <test-method signature="TC006_VerifyAllMenuItemsAreVisible()[pri:0, instance:guru99.qa.functionaltests.HomePageTest@795509d9]" started-at="2026-02-05T09:53:41 IST" name="TC006_VerifyAllMenuItemsAreVisible" finished-at="2026-02-05T09:53:46 IST" duration-ms="4801" status="PASS">
          <reporter-output>
          </reporter-output>
        </test-method> <!-- TC006_VerifyAllMenuItemsAreVisible -->
        <test-method is-config="true" signature="TearDown()[pri:0, instance:guru99.qa.functionaltests.HomePageTest@795509d9]" started-at="2026-02-05T09:53:46 IST" name="TearDown" finished-at="2026-02-05T09:53:46 IST" duration-ms="356" status="PASS">
          <reporter-output>
          </reporter-output>
        </test-method> <!-- TearDown -->
      </class> <!-- guru99.qa.functionaltests.HomePageTest -->
      <class name="guru99.qa.functionaltests.LoginTests">
        <test-method is-config="true" signature="SetUp(org.testng.ITestContext)[pri:0, instance:guru99.qa.functionaltests.LoginTests@353352b6]" started-at="2026-02-05T09:53:46 IST" name="SetUp" finished-at="2026-02-05T09:53:49 IST" duration-ms="2559" status="PASS">
          <params>
            <param index="0">
              <value>
                <![CDATA[org.testng.TestRunner@241b971f]]>
              </value>
            </param>
          </params>
          <reporter-output>
          </reporter-output>
        </test-method> <!-- SetUp -->
        <test-method signature="TC001_LoginWithValidCredentials()[pri:1, instance:guru99.qa.functionaltests.LoginTests@353352b6]" started-at="2026-02-05T09:53:49 IST" name="TC001_LoginWithValidCredentials" finished-at="2026-02-05T09:53:50 IST" duration-ms="1051" status="PASS">
          <reporter-output>
          </reporter-output>
        </test-method> <!-- TC001_LoginWithValidCredentials -->
        <test-method is-config="true" signature="TearDown()[pri:0, instance:guru99.qa.functionaltests.LoginTests@353352b6]" started-at="2026-02-05T09:53:50 IST" name="TearDown" finished-at="2026-02-05T09:53:50 IST" duration-ms="230" status="PASS">
          <reporter-output>
          </reporter-output>
        </test-method> <!-- TearDown -->
        <test-method is-config="true" signature="SetUp(org.testng.ITestContext)[pri:0, instance:guru99.qa.functionaltests.LoginTests@353352b6]" started-at="2026-02-05T09:53:50 IST" name="SetUp" finished-at="2026-02-05T09:53:53 IST" duration-ms="2511" status="PASS">
          <params>
            <param index="0">
              <value>
                <![CDATA[org.testng.TestRunner@241b971f]]>
              </value>
            </param>
          </params>
          <reporter-output>
          </reporter-output>
        </test-method> <!-- SetUp -->
        <test-method signature="TC002_LoginWithValidUsernameAndInValidPwd()[pri:2, instance:guru99.qa.functionaltests.LoginTests@353352b6]" started-at="2026-02-05T09:53:53 IST" name="TC002_LoginWithValidUsernameAndInValidPwd" finished-at="2026-02-05T09:53:53 IST" duration-ms="603" status="PASS">
          <reporter-output>
          </reporter-output>
        </test-method> <!-- TC002_LoginWithValidUsernameAndInValidPwd -->
        <test-method is-config="true" signature="TearDown()[pri:0, instance:guru99.qa.functionaltests.LoginTests@353352b6]" started-at="2026-02-05T09:53:53 IST" name="TearDown" finished-at="2026-02-05T09:53:54 IST" duration-ms="254" status="PASS">
          <reporter-output>
          </reporter-output>
        </test-method> <!-- TearDown -->
      </class> <!-- guru99.qa.functionaltests.LoginTests -->
      <class name="guru99.qa.functionaltests.CustomerCreationTests">
        <test-method is-config="true" signature="SetUp(org.testng.ITestContext)[pri:0, instance:guru99.qa.functionaltests.CustomerCreationTests@4681c175]" started-at="2026-02-05T09:53:55 IST" name="SetUp" finished-at="2026-02-05T09:53:58 IST" duration-ms="2845" status="PASS">
          <params>
            <param index="0">
              <value>
                <![CDATA[org.testng.TestRunner@241b971f]]>
              </value>
            </param>
          </params>
          <reporter-output>
          </reporter-output>
        </test-method> <!-- SetUp -->
        <test-method signature="CreateNewCustomerAndVerify(java.lang.String,java.lang.String,java.lang.String,java.lang.String,java.lang.String,java.lang.String,java.lang.String,java.lang.String)[pri:1, instance:guru99.qa.functionaltests.CustomerCreationTests@4681c175]" started-at="2026-02-05T09:53:58 IST" name="CreateNewCustomerAndVerify" data-provider="GetNewCustomerTestData_TC001" finished-at="2026-02-05T09:54:33 IST" duration-ms="34851" status="FAIL">
          <params>
            <param index="0">
              <value>
                <![CDATA[John]]>
              </value>
            </param>
            <param index="1">
              <value>
                <![CDATA[23/11/1994]]>
              </value>
            </param>
            <param index="2">
              <value>
                <![CDATA[North Street]]>
              </value>
            </param>
            <param index="3">
              <value>
                <![CDATA[West City]]>
              </value>
            </param>
            <param index="4">
              <value>
                <![CDATA[NewYork]]>
              </value>
            </param>
            <param index="5">
              <value>
                <![CDATA[456789]]>
              </value>
            </param>
            <param index="6">
              <value>
                <![CDATA[2345879876]]>
              </value>
            </param>
            <param index="7">
              <value>
                <![CDATA[John@123]]>
              </value>
            </param>
          </params>
          <exception class="org.openqa.selenium.TimeoutException">
            <message>
              <![CDATA[Expected condition failed: waiting for visibility of Proxy element for: DefaultElementLocator 'By.xpath: //table[@id='customer']//td//p' (tried for 20 second(s) with 500 milliseconds interval)]]>
            </message>
            <full-stacktrace>
              <![CDATA[org.openqa.selenium.TimeoutException: Expected condition failed: waiting for visibility of Proxy element for: DefaultElementLocator 'By.xpath: //table[@id='customer']//td//p' (tried for 20 second(s) with 500 milliseconds interval)
at org.openqa.selenium.support.ui.WebDriverWait.timeoutException(WebDriverWait.java:84)
at org.openqa.selenium.support.ui.FluentWait.until(FluentWait.java:228)
at guru99.qa.helpers.Helpers.ExplicitWait(Helpers.java:48)
at guru99.qa.pages.CustomerRegistrationPage.VerifyCustomerRegisteredSuccessfulAndGetCustomerID(CustomerRegistrationPage.java:34)
at guru99.qa.functionaltests.CustomerCreationTests.CreateNewCustomerAndVerify(CustomerCreationTests.java:34)
at java.base/jdk.internal.reflect.NativeMethodAccessorImpl.invoke0(Native Method)
at java.base/jdk.internal.reflect.NativeMethodAccessorImpl.invoke(NativeMethodAccessorImpl.java:62)
at java.base/jdk.internal.reflect.DelegatingMethodAccessorImpl.invoke(DelegatingMethodAccessorImpl.java:43)
at java.base/java.lang.reflect.Method.invoke(Method.java:566)
at org.testng.internal.invokers.MethodInvocationHelper.invokeMethod(MethodInvocationHelper.java:139)
at org.testng.internal.invokers.TestInvoker.invokeMethod(TestInvoker.java:677)
at org.testng.internal.invokers.TestInvoker.invokeTestMethod(TestInvoker.java:221)
at org.testng.internal.invokers.MethodRunner.runInSequence(MethodRunner.java:50)
at org.testng.internal.invokers.TestInvoker$MethodInvocationAgent.invoke(TestInvoker.java:969)
at org.testng.internal.invokers.TestInvoker.invokeTestMethods(TestInvoker.java:194)
at org.testng.internal.invokers.TestMethodWorker.invokeTestMethods(TestMethodWorker.java:148)
at org.testng.internal.invokers.TestMethodWorker.run(TestMethodWorker.java:128)
at java.base/java.util.ArrayList.forEach(ArrayList.java:1541)
at org.testng.TestRunner.privateRun(TestRunner.java:829)
at org.testng.TestRunner.run(TestRunner.java:602)
at org.testng.SuiteRunner.runTest(SuiteRunner.java:437)
at org.testng.SuiteRunner.runSequentially(SuiteRunner.java:431)
at org.testng.SuiteRunner.privateRun(SuiteRunner.java:391)
at org.testng.SuiteRunner.run(SuiteRunner.java:330)
at org.testng.SuiteRunnerWorker.runSuite(SuiteRunnerWorker.java:52)
at org.testng.SuiteRunnerWorker.run(SuiteRunnerWorker.java:95)
at org.testng.TestNG.runSuitesSequentially(TestNG.java:1256)
at org.testng.TestNG.runSuitesLocally(TestNG.java:1176)
at org.testng.TestNG.runSuites(TestNG.java:1099)
at org.testng.TestNG.run(TestNG.java:1067)
at org.testng.remote.AbstractRemoteTestNG.run(AbstractRemoteTestNG.java:115)
at org.testng.remote.RemoteTestNG.initAndRun(RemoteTestNG.java:251)
at org.testng.remote.RemoteTestNG.main(RemoteTestNG.java:77)
Caused by: org.openqa.selenium.NoSuchElementException: no such element: Unable to locate element: {"method":"xpath","selector":"//table[@id='customer']//td//p"}
  (Session info: chrome=144.0.7559.110)
For documentation on this error, please visit: https://www.selenium.dev/documentation/webdriver/troubleshooting/errors#no-such-element-exception
Build info: version: '4.35.0', revision: '1c58e5028b'
System info: os.name: 'Windows 11', os.arch: 'amd64', os.version: '10.0', java.version: '11.0.20'
Driver info: org.openqa.selenium.chrome.ChromeDriver
Command: [f21b9dbdcefce434f74ffb7ee141c327, findElement {using=xpath, value=//table[@id='customer']//td//p}]
Capabilities {acceptInsecureCerts: false, browserName: chrome, browserVersion: 144.0.7559.110, chrome: {chromedriverVersion: 144.0.7559.133 (7da823b1d59..., userDataDir: C:\Users\Satee\AppData\Loca...}, fedcm:accounts: true, goog:chromeOptions: {debuggerAddress: localhost:55463}, goog:processID: 10828, networkConnectionEnabled: false, pageLoadStrategy: normal, platformName: windows, proxy: Proxy(), se:cdp: ws://localhost:55463/devtoo..., se:cdpVersion: 144.0.7559.110, setWindowRect: true, strictFileInteractability: false, timeouts: {implicit: 0, pageLoad: 300000, script: 30000}, unhandledPromptBehavior: dismiss and notify, webauthn:extension:credBlob: true, webauthn:extension:largeBlob: true, webauthn:extension:minPinLength: true, webauthn:extension:prf: true, webauthn:virtualAuthenticators: true}
Session ID: f21b9dbdcefce434f74ffb7ee141c327
at java.base/jdk.internal.reflect.NativeConstructorAccessorImpl.newInstance0(Native Method)
at java.base/jdk.internal.reflect.NativeConstructorAccessorImpl.newInstance(NativeConstructorAccessorImpl.java:62)
at java.base/jdk.internal.reflect.DelegatingConstructorAccessorImpl.newInstance(DelegatingConstructorAccessorImpl.java:45)
at java.base/java.lang.reflect.Constructor.newInstance(Constructor.java:490)
at org.openqa.selenium.remote.ErrorCodec.decode(ErrorCodec.java:167)
at org.openqa.selenium.remote.codec.w3c.W3CHttpResponseCodec.decode(W3CHttpResponseCodec.java:138)
at org.openqa.selenium.remote.codec.w3c.W3CHttpResponseCodec.decode(W3CHttpResponseCodec.java:50)
at org.openqa.selenium.remote.HttpCommandExecutor.execute(HttpCommandExecutor.java:215)
at org.openqa.selenium.remote.service.DriverCommandExecutor.invokeExecute(DriverCommandExecutor.java:216)
at org.openqa.selenium.remote.service.DriverCommandExecutor.execute(DriverCommandExecutor.java:174)
at org.openqa.selenium.remote.RemoteWebDriver.execute(RemoteWebDriver.java:557)
at org.openqa.selenium.remote.ElementLocation$ElementFinder$2.findElement(ElementLocation.java:165)
at org.openqa.selenium.remote.ElementLocation.findElement(ElementLocation.java:59)
at org.openqa.selenium.remote.RemoteWebDriver.findElement(RemoteWebDriver.java:380)
at org.openqa.selenium.remote.RemoteWebDriver.findElement(RemoteWebDriver.java:374)
at org.openqa.selenium.support.pagefactory.DefaultElementLocator.findElement(DefaultElementLocator.java:68)
at org.openqa.selenium.support.pagefactory.internal.LocatingElementHandler.invoke(LocatingElementHandler.java:38)
at com.sun.proxy.$Proxy14.isDisplayed(Unknown Source)
at org.openqa.selenium.support.ui.ExpectedConditions.elementIfVisible(ExpectedConditions.java:304)
at org.openqa.selenium.support.ui.ExpectedConditions$10.apply(ExpectedConditions.java:290)
at org.openqa.selenium.support.ui.ExpectedConditions$10.apply(ExpectedConditions.java:287)
at org.openqa.selenium.support.ui.FluentWait.until(FluentWait.java:203)
... 31 more
]]>
            </full-stacktrace>
          </exception> <!-- org.openqa.selenium.TimeoutException -->
          <reporter-output>
          </reporter-output>
        </test-method> <!-- CreateNewCustomerAndVerify -->
        <test-method is-config="true" signature="TearDown()[pri:0, instance:guru99.qa.functionaltests.CustomerCreationTests@4681c175]" started-at="2026-02-05T09:54:33 IST" name="TearDown" finished-at="2026-02-05T09:54:33 IST" duration-ms="258" status="PASS">
          <reporter-output>
          </reporter-output>
        </test-method> <!-- TearDown -->
        <test-method is-config="true" signature="SetUp(org.testng.ITestContext)[pri:0, instance:guru99.qa.functionaltests.CustomerCreationTests@4681c175]" started-at="2026-02-05T09:54:34 IST" name="SetUp" finished-at="2026-02-05T09:54:36 IST" duration-ms="2546" status="PASS">
          <params>
            <param index="0">
              <value>
                <![CDATA[org.testng.TestRunner@241b971f]]>
              </value>
            </param>
          </params>
          <reporter-output>
          </reporter-output>
        </test-method> <!-- SetUp -->
        <test-method signature="CreateNewCustomer_WithoutEmailField(java.lang.String,java.lang.String,java.lang.String,java.lang.String,java.lang.String,java.lang.String,java.lang.String,java.lang.String)[pri:2, instance:guru99.qa.functionaltests.CustomerCreationTests@4681c175]" started-at="2026-02-05T09:54:36 IST" name="CreateNewCustomer_WithoutEmailField" data-provider="GetNewCustomerTestData_TC001" finished-at="2026-02-05T09:54:39 IST" duration-ms="2506" status="PASS">
          <params>
            <param index="0">
              <value>
                <![CDATA[John]]>
              </value>
            </param>
            <param index="1">
              <value>
                <![CDATA[23/11/1994]]>
              </value>
            </param>
            <param index="2">
              <value>
                <![CDATA[North Street]]>
              </value>
            </param>
            <param index="3">
              <value>
                <![CDATA[West City]]>
              </value>
            </param>
            <param index="4">
              <value>
                <![CDATA[NewYork]]>
              </value>
            </param>
            <param index="5">
              <value>
                <![CDATA[456789]]>
              </value>
            </param>
            <param index="6">
              <value>
                <![CDATA[2345879876]]>
              </value>
            </param>
            <param index="7">
              <value>
                <![CDATA[John@123]]>
              </value>
            </param>
          </params>
          <reporter-output>
          </reporter-output>
        </test-method> <!-- CreateNewCustomer_WithoutEmailField -->
        <test-method is-config="true" signature="TearDown()[pri:0, instance:guru99.qa.functionaltests.CustomerCreationTests@4681c175]" started-at="2026-02-05T09:54:39 IST" name="TearDown" finished-at="2026-02-05T09:54:39 IST" duration-ms="270" status="PASS">
          <reporter-output>
          </reporter-output>
        </test-method> <!-- TearDown -->
        <test-method is-config="true" signature="SetUp(org.testng.ITestContext)[pri:0, instance:guru99.qa.functionaltests.CustomerCreationTests@4681c175]" started-at="2026-02-05T09:54:39 IST" name="SetUp" finished-at="2026-02-05T09:54:41 IST" duration-ms="2618" status="PASS">
          <params>
            <param index="0">
              <value>
                <![CDATA[org.testng.TestRunner@241b971f]]>
              </value>
            </param>
          </params>
          <reporter-output>
          </reporter-output>
        </test-method> <!-- SetUp -->
        <test-method signature="CreateNewCustomer_VerifyCustomerNameWithNumbers()[pri:3, instance:guru99.qa.functionaltests.CustomerCreationTests@4681c175]" started-at="2026-02-05T09:54:41 IST" name="CreateNewCustomer_VerifyCustomerNameWithNumbers" finished-at="2026-02-05T09:54:43 IST" duration-ms="1966" status="PASS">
          <reporter-output>
          </reporter-output>
        </test-method> <!-- CreateNewCustomer_VerifyCustomerNameWithNumbers -->
        <test-method is-config="true" signature="TearDown()[pri:0, instance:guru99.qa.functionaltests.CustomerCreationTests@4681c175]" started-at="2026-02-05T09:54:43 IST" name="TearDown" finished-at="2026-02-05T09:54:44 IST" duration-ms="223" status="PASS">
          <reporter-output>
          </reporter-output>
        </test-method> <!-- TearDown -->
      </class> <!-- guru99.qa.functionaltests.CustomerCreationTests -->
    </test> <!-- Test -->
  </suite> <!-- Suite -->
</testng-results>
