<?xml version="1.0" encoding="UTF-8"?>
<!-- Generated by org.testng.reporters.JUnitReportReporter -->
<testsuite hostname="MSI" failures="0" tests="2" name="guru99.qa.functionaltests.LoginTests" time="7.208" errors="0" timestamp="2026-02-05T09:54:44 IST" skipped="0">
  <testcase classname="guru99.qa.functionaltests.LoginTests" name="TC001_LoginWithValidCredentials" time="3.840"/>
  <system-out/>
  <testcase classname="guru99.qa.functionaltests.LoginTests" name="TC002_LoginWithValidUsernameAndInValidPwd" time="3.368"/>
  <system-out/>
</testsuite> <!-- guru99.qa.functionaltests.LoginTests -->
